android/app/build/intermediates/manifest_merge_blame_file/debug/manifest-merger-blame-debug-report.txt
1<?xml version="1.0" encoding="utf-8"?>
2<manifest xmlns:android="http://schemas.android.com/apk/res/android"
3    package="com.authentication"
4    android:versionCode="1"
5    android:versionName="1.0" >
6
7    <uses-sdk
8        android:minSdkVersion="21"
9        android:targetSdkVersion="33" />
10
11    <uses-permission android:name="android.permission.SYSTEM_ALERT_WINDOW" />
11-->src\debug\AndroidManifest.xml:5:5-77
11-->src\debug\AndroidManifest.xml:5:22-75
12    <uses-permission android:name="android.permission.INTERNET" />
12-->src\main\AndroidManifest.xml:3:5-67
12-->src\main\AndroidManifest.xml:3:22-64
13    <uses-permission android:name="android.permission.ACCESS_WIFI_STATE" />
13-->[com.facebook.flipper:flipper:0.125.0] AndroidManifest.xml:16:5-76
13-->[com.facebook.flipper:flipper:0.125.0] AndroidManifest.xml:16:22-73
14    <uses-permission android:name="android.permission.WAKE_LOCK" />
14-->[:react-native-firebase_auth] AndroidManifest.xml:10:5-68
14-->[:react-native-firebase_auth] AndroidManifest.xml:10:22-65
15    <uses-permission android:name="android.permission.ACCESS_NETWORK_STATE" />
15-->[:react-native-firebase_auth] AndroidManifest.xml:11:5-79
15-->[:react-native-firebase_auth] AndroidManifest.xml:11:22-76
16
17    <queries>
17-->[:react-native-image-crop-picker] AndroidManifest.xml:9:5-13:15
18        <intent>
18-->[:react-native-image-crop-picker] AndroidManifest.xml:10:9-12:18
19            <action android:name="android.media.action.IMAGE_CAPTURE" />
19-->[:react-native-image-crop-picker] AndroidManifest.xml:11:13-73
19-->[:react-native-image-crop-picker] AndroidManifest.xml:11:21-70
20        </intent>
21        <!-- Needs to be explicitly declared on Android R+ -->
22        <package android:name="com.google.android.apps.maps" />
22-->[com.google.android.gms:play-services-maps:18.0.2] AndroidManifest.xml:33:9-64
22-->[com.google.android.gms:play-services-maps:18.0.2] AndroidManifest.xml:33:18-61
23    </queries>
24
25    <uses-permission android:name="android.permission.WRITE_EXTERNAL_STORAGE" />
25-->[:react-native-image-crop-picker] AndroidManifest.xml:15:5-81
25-->[:react-native-image-crop-picker] AndroidManifest.xml:15:22-78
26    <uses-permission android:name="android.permission.POST_NOTIFICATIONS" /> <!-- Required by older versions of Google Play services to create IID tokens -->
26-->[com.google.firebase:firebase-messaging:23.1.2] AndroidManifest.xml:25:5-77
26-->[com.google.firebase:firebase-messaging:23.1.2] AndroidManifest.xml:25:22-74
27    <uses-permission android:name="com.google.android.c2dm.permission.RECEIVE" />
27-->[com.google.firebase:firebase-messaging:23.1.2] AndroidManifest.xml:28:5-82
27-->[com.google.firebase:firebase-messaging:23.1.2] AndroidManifest.xml:28:22-79
28    <uses-permission android:name="com.google.android.gms.permission.AD_ID" />
28-->[com.google.android.gms:play-services-measurement-api:21.3.0] AndroidManifest.xml:25:5-79
28-->[com.google.android.gms:play-services-measurement-api:21.3.0] AndroidManifest.xml:25:22-76
29    <uses-permission android:name="android.permission.RECEIVE_BOOT_COMPLETED" />
29-->[androidx.work:work-runtime:2.8.0] AndroidManifest.xml:25:5-81
29-->[androidx.work:work-runtime:2.8.0] AndroidManifest.xml:25:22-78
30    <uses-permission android:name="android.permission.FOREGROUND_SERVICE" />
30-->[androidx.work:work-runtime:2.8.0] AndroidManifest.xml:26:5-77
30-->[androidx.work:work-runtime:2.8.0] AndroidManifest.xml:26:22-74
31
32    <uses-feature
32-->[com.google.android.gms:play-services-maps:18.0.2] AndroidManifest.xml:26:5-28:35
33        android:glEsVersion="0x00020000"
33-->[com.google.android.gms:play-services-maps:18.0.2] AndroidManifest.xml:27:9-41
34        android:required="true" />
34-->[com.google.android.gms:play-services-maps:18.0.2] AndroidManifest.xml:28:9-32
35
36    <uses-permission android:name="com.google.android.finsky.permission.BIND_GET_INSTALL_REFERRER_SERVICE" />
36-->[com.google.android.gms:play-services-measurement:21.3.0] AndroidManifest.xml:26:5-110
36-->[com.google.android.gms:play-services-measurement:21.3.0] AndroidManifest.xml:26:22-107
37    <uses-permission android:name="android.permission.VIBRATE" />
37-->[app.notifee:core:202108261754] AndroidManifest.xml:13:5-66
37-->[app.notifee:core:202108261754] AndroidManifest.xml:13:22-63
38    <uses-permission android:name="android.permission.USE_FULL_SCREEN_INTENT" />
38-->[app.notifee:core:202108261754] AndroidManifest.xml:16:5-81
38-->[app.notifee:core:202108261754] AndroidManifest.xml:16:22-78
39    <uses-permission android:name="android.permission.SCHEDULE_EXACT_ALARM" />
39-->[app.notifee:core:202108261754] AndroidManifest.xml:17:5-79
39-->[app.notifee:core:202108261754] AndroidManifest.xml:17:22-76
40    <uses-permission
40-->[app.notifee:core:202108261754] AndroidManifest.xml:18:5-20:38
41        android:name="android.permission.BROADCAST_CLOSE_SYSTEM_DIALOGS"
41-->[app.notifee:core:202108261754] AndroidManifest.xml:19:9-73
42        android:maxSdkVersion="30" /> <!-- For Xiaomi devices to enable heads-up notifications as default (https://github.com/invertase/notifee/issues/296) -->
42-->[app.notifee:core:202108261754] AndroidManifest.xml:20:9-35
43    <uses-permission
43-->[app.notifee:core:202108261754] AndroidManifest.xml:22:5-24:38
44        android:name="android.permission.ACCESS_NOTIFICATION_POLICY"
44-->[app.notifee:core:202108261754] AndroidManifest.xml:23:9-69
45        android:minSdkVersion="23" /> <!-- for android -->
45-->[app.notifee:core:202108261754] AndroidManifest.xml:24:9-35
46    <!-- <uses-permission android:name="com.android.launcher.permission.READ_SETTINGS"/> -->
47    <!-- <uses-permission android:name="com.android.launcher.permission.WRITE_SETTINGS"/> -->
48    <!-- <uses-permission android:name="com.android.launcher.permission.INSTALL_SHORTCUT" /> -->
49    <!-- <uses-permission android:name="com.android.launcher.permission.UNINSTALL_SHORTCUT" /> -->
50    <!-- for Samsung -->
51    <uses-permission android:name="com.sec.android.provider.badge.permission.READ" />
51-->[me.leolin:ShortcutBadger:1.1.22] AndroidManifest.xml:19:5-86
51-->[me.leolin:ShortcutBadger:1.1.22] AndroidManifest.xml:19:22-83
52    <uses-permission android:name="com.sec.android.provider.badge.permission.WRITE" /> <!-- for htc -->
52-->[me.leolin:ShortcutBadger:1.1.22] AndroidManifest.xml:20:5-87
52-->[me.leolin:ShortcutBadger:1.1.22] AndroidManifest.xml:20:22-84
53    <uses-permission android:name="com.htc.launcher.permission.READ_SETTINGS" />
53-->[me.leolin:ShortcutBadger:1.1.22] AndroidManifest.xml:23:5-81
53-->[me.leolin:ShortcutBadger:1.1.22] AndroidManifest.xml:23:22-78
54    <uses-permission android:name="com.htc.launcher.permission.UPDATE_SHORTCUT" /> <!-- for sony -->
54-->[me.leolin:ShortcutBadger:1.1.22] AndroidManifest.xml:24:5-83
54-->[me.leolin:ShortcutBadger:1.1.22] AndroidManifest.xml:24:22-80
55    <uses-permission android:name="com.sonyericsson.home.permission.BROADCAST_BADGE" />
55-->[me.leolin:ShortcutBadger:1.1.22] AndroidManifest.xml:27:5-88
55-->[me.leolin:ShortcutBadger:1.1.22] AndroidManifest.xml:27:22-85
56    <uses-permission android:name="com.sonymobile.home.permission.PROVIDER_INSERT_BADGE" /> <!-- for apex -->
56-->[me.leolin:ShortcutBadger:1.1.22] AndroidManifest.xml:28:5-92
56-->[me.leolin:ShortcutBadger:1.1.22] AndroidManifest.xml:28:22-89
57    <uses-permission android:name="com.anddoes.launcher.permission.UPDATE_COUNT" /> <!-- for solid -->
57-->[me.leolin:ShortcutBadger:1.1.22] AndroidManifest.xml:31:5-84
57-->[me.leolin:ShortcutBadger:1.1.22] AndroidManifest.xml:31:22-81
58    <uses-permission android:name="com.majeur.launcher.permission.UPDATE_BADGE" /> <!-- for huawei -->
58-->[me.leolin:ShortcutBadger:1.1.22] AndroidManifest.xml:34:5-83
58-->[me.leolin:ShortcutBadger:1.1.22] AndroidManifest.xml:34:22-80
59    <uses-permission android:name="com.huawei.android.launcher.permission.CHANGE_BADGE" />
59-->[me.leolin:ShortcutBadger:1.1.22] AndroidManifest.xml:37:5-91
59-->[me.leolin:ShortcutBadger:1.1.22] AndroidManifest.xml:37:22-88
60    <uses-permission android:name="com.huawei.android.launcher.permission.READ_SETTINGS" />
60-->[me.leolin:ShortcutBadger:1.1.22] AndroidManifest.xml:38:5-92
60-->[me.leolin:ShortcutBadger:1.1.22] AndroidManifest.xml:38:22-89
61    <uses-permission android:name="com.huawei.android.launcher.permission.WRITE_SETTINGS" /> <!-- for ZUK -->
61-->[me.leolin:ShortcutBadger:1.1.22] AndroidManifest.xml:39:5-93
61-->[me.leolin:ShortcutBadger:1.1.22] AndroidManifest.xml:39:22-90
62    <uses-permission android:name="android.permission.READ_APP_BADGE" /> <!-- for OPPO -->
62-->[me.leolin:ShortcutBadger:1.1.22] AndroidManifest.xml:42:5-73
62-->[me.leolin:ShortcutBadger:1.1.22] AndroidManifest.xml:42:22-70
63    <uses-permission android:name="com.oppo.launcher.permission.READ_SETTINGS" />
63-->[me.leolin:ShortcutBadger:1.1.22] AndroidManifest.xml:45:5-82
63-->[me.leolin:ShortcutBadger:1.1.22] AndroidManifest.xml:45:22-79
64    <uses-permission android:name="com.oppo.launcher.permission.WRITE_SETTINGS" /> <!-- for EvMe -->
64-->[me.leolin:ShortcutBadger:1.1.22] AndroidManifest.xml:46:5-83
64-->[me.leolin:ShortcutBadger:1.1.22] AndroidManifest.xml:46:22-80
65    <uses-permission android:name="me.everything.badger.permission.BADGE_COUNT_READ" />
65-->[me.leolin:ShortcutBadger:1.1.22] AndroidManifest.xml:49:5-88
65-->[me.leolin:ShortcutBadger:1.1.22] AndroidManifest.xml:49:22-85
66    <uses-permission android:name="me.everything.badger.permission.BADGE_COUNT_WRITE" />
66-->[me.leolin:ShortcutBadger:1.1.22] AndroidManifest.xml:50:5-89
66-->[me.leolin:ShortcutBadger:1.1.22] AndroidManifest.xml:50:22-86
67
68    <application
68-->src\main\AndroidManifest.xml:5:5-27:19
69        android:name="com.authentication.MainApplication"
69-->src\main\AndroidManifest.xml:6:7-38
70        android:allowBackup="false"
70-->src\main\AndroidManifest.xml:10:7-34
71        android:appComponentFactory="androidx.core.app.CoreComponentFactory"
71-->[androidx.core:core:1.7.0] AndroidManifest.xml:24:18-86
72        android:debuggable="true"
73        android:icon="@mipmap/ic_launcher"
73-->src\main\AndroidManifest.xml:8:7-41
74        android:label="@string/app_name"
74-->src\main\AndroidManifest.xml:7:7-39
75        android:roundIcon="@mipmap/ic_launcher_round"
75-->src\main\AndroidManifest.xml:9:7-52
76        android:theme="@style/AppTheme"
76-->src\main\AndroidManifest.xml:11:7-38
77        android:usesCleartextTraffic="true" >
77-->src\debug\AndroidManifest.xml:8:9-44
78        <activity
78-->src\debug\AndroidManifest.xml:11:9-111
79            android:name="com.facebook.react.devsupport.DevSettingsActivity"
79-->src\debug\AndroidManifest.xml:11:19-83
80            android:exported="false" />
80-->src\debug\AndroidManifest.xml:11:84-108
81
82        <meta-data
82-->src\main\AndroidManifest.xml:12:7-14:53
83            android:name="com.google.android.geo.API_KEY"
83-->src\main\AndroidManifest.xml:13:6-51
84            android:value="Your Google maps API Key Here" />
84-->src\main\AndroidManifest.xml:14:6-51
85
86        <activity
86-->src\main\AndroidManifest.xml:15:7-26:18
87            android:name="com.authentication.MainActivity"
87-->src\main\AndroidManifest.xml:16:9-37
88            android:configChanges="keyboard|keyboardHidden|orientation|screenLayout|screenSize|smallestScreenSize|uiMode"
88-->src\main\AndroidManifest.xml:18:9-118
89            android:exported="true"
89-->src\main\AndroidManifest.xml:21:9-32
90            android:label="@string/app_name"
90-->src\main\AndroidManifest.xml:17:9-41
91            android:launchMode="singleTask"
91-->src\main\AndroidManifest.xml:19:9-40
92            android:windowSoftInputMode="adjustResize" >
92-->src\main\AndroidManifest.xml:20:9-51
93            <intent-filter>
93-->src\main\AndroidManifest.xml:22:9-25:25
94                <action android:name="android.intent.action.MAIN" />
94-->src\main\AndroidManifest.xml:23:13-65
94-->src\main\AndroidManifest.xml:23:21-62
95
96                <category android:name="android.intent.category.LAUNCHER" />
96-->src\main\AndroidManifest.xml:24:13-73
96-->src\main\AndroidManifest.xml:24:23-70
97            </intent-filter>
98        </activity>
99
100        <provider
100-->[:notifee_react-native] AndroidManifest.xml:10:9-14:40
101            android:name="io.invertase.notifee.NotifeeInitProvider"
101-->[:notifee_react-native] AndroidManifest.xml:11:13-68
102            android:authorities="com.authentication.notifee-init-provider"
102-->[:notifee_react-native] AndroidManifest.xml:12:13-73
103            android:exported="false"
103-->[:notifee_react-native] AndroidManifest.xml:13:13-37
104            android:initOrder="-100" />
104-->[:notifee_react-native] AndroidManifest.xml:14:13-37
105
106        <service
106-->[:react-native-firebase_messaging] AndroidManifest.xml:14:9-16:40
107            android:name="io.invertase.firebase.messaging.ReactNativeFirebaseMessagingHeadlessService"
107-->[:react-native-firebase_messaging] AndroidManifest.xml:15:13-103
108            android:exported="false" />
108-->[:react-native-firebase_messaging] AndroidManifest.xml:16:13-37
109        <service
109-->[:react-native-firebase_messaging] AndroidManifest.xml:17:9-23:19
110            android:name="io.invertase.firebase.messaging.ReactNativeFirebaseMessagingService"
110-->[:react-native-firebase_messaging] AndroidManifest.xml:18:13-95
111            android:exported="false" >
111-->[:react-native-firebase_messaging] AndroidManifest.xml:19:13-37
112            <intent-filter>
112-->[:react-native-firebase_messaging] AndroidManifest.xml:20:13-22:29
113                <action android:name="com.google.firebase.MESSAGING_EVENT" />
113-->[:react-native-firebase_messaging] AndroidManifest.xml:21:17-78
113-->[:react-native-firebase_messaging] AndroidManifest.xml:21:25-75
114            </intent-filter>
115        </service>
116
117        <receiver
117-->[:react-native-firebase_messaging] AndroidManifest.xml:25:9-32:20
118            android:name="io.invertase.firebase.messaging.ReactNativeFirebaseMessagingReceiver"
118-->[:react-native-firebase_messaging] AndroidManifest.xml:26:13-96
119            android:exported="true"
119-->[:react-native-firebase_messaging] AndroidManifest.xml:27:13-36
120            android:permission="com.google.android.c2dm.permission.SEND" >
120-->[:react-native-firebase_messaging] AndroidManifest.xml:28:13-73
121            <intent-filter>
121-->[:react-native-firebase_messaging] AndroidManifest.xml:29:13-31:29
122                <action android:name="com.google.android.c2dm.intent.RECEIVE" />
122-->[:react-native-firebase_messaging] AndroidManifest.xml:30:17-81
122-->[:react-native-firebase_messaging] AndroidManifest.xml:30:25-78
123            </intent-filter>
124        </receiver>
125
126        <meta-data
126-->[:react-native-firebase_messaging] AndroidManifest.xml:34:9-36:36
127            android:name="firebase_messaging_auto_init_enabled"
127-->[:react-native-firebase_messaging] AndroidManifest.xml:35:13-64
128            android:value="true" />
128-->[:react-native-firebase_messaging] AndroidManifest.xml:36:13-33
129        <meta-data
129-->[:react-native-firebase_messaging] AndroidManifest.xml:37:9-39:32
130            android:name="com.google.firebase.messaging.default_notification_channel_id"
130-->[:react-native-firebase_messaging] AndroidManifest.xml:38:13-89
131            android:value="" />
131-->[:react-native-firebase_messaging] AndroidManifest.xml:39:13-29
132        <meta-data
132-->[:react-native-firebase_messaging] AndroidManifest.xml:40:9-42:47
133            android:name="com.google.firebase.messaging.default_notification_color"
133-->[:react-native-firebase_messaging] AndroidManifest.xml:41:13-84
134            android:resource="@color/white" />
134-->[:react-native-firebase_messaging] AndroidManifest.xml:42:13-44
135        <meta-data
135-->[:react-native-firebase_app] AndroidManifest.xml:11:9-13:36
136            android:name="app_data_collection_default_enabled"
136-->[:react-native-firebase_app] AndroidManifest.xml:12:13-63
137            android:value="true" />
137-->[:react-native-firebase_app] AndroidManifest.xml:13:13-33
138
139        <service
139-->[:react-native-firebase_app] AndroidManifest.xml:15:9-23:19
140            android:name="com.google.firebase.components.ComponentDiscoveryService"
140-->[:react-native-firebase_app] AndroidManifest.xml:16:13-84
141            android:directBootAware="true"
141-->[:react-native-firebase_app] AndroidManifest.xml:17:13-43
142            android:exported="false" >
142-->[:react-native-firebase_app] AndroidManifest.xml:18:13-37
143            <meta-data
143-->[:react-native-firebase_app] AndroidManifest.xml:20:13-22:85
144                android:name="com.google.firebase.components:io.invertase.firebase.app.ReactNativeFirebaseAppRegistrar"
144-->[:react-native-firebase_app] AndroidManifest.xml:21:17-120
145                android:value="com.google.firebase.components.ComponentRegistrar" />
145-->[:react-native-firebase_app] AndroidManifest.xml:22:17-82
146            <meta-data
146-->[com.google.firebase:firebase-analytics-ktx:21.3.0] AndroidManifest.xml:11:13-13:85
147                android:name="com.google.firebase.components:com.google.firebase.analytics.ktx.FirebaseAnalyticsKtxRegistrar"
147-->[com.google.firebase:firebase-analytics-ktx:21.3.0] AndroidManifest.xml:12:17-126
148                android:value="com.google.firebase.components.ComponentRegistrar" />
148-->[com.google.firebase:firebase-analytics-ktx:21.3.0] AndroidManifest.xml:13:17-82
149            <meta-data
149-->[com.google.firebase:firebase-messaging:23.1.2] AndroidManifest.xml:55:13-57:85
150                android:name="com.google.firebase.components:com.google.firebase.messaging.FirebaseMessagingRegistrar"
150-->[com.google.firebase:firebase-messaging:23.1.2] AndroidManifest.xml:56:17-119
151                android:value="com.google.firebase.components.ComponentRegistrar" />
151-->[com.google.firebase:firebase-messaging:23.1.2] AndroidManifest.xml:57:17-82
152            <meta-data
152-->[com.google.firebase:firebase-datatransport:18.1.7] AndroidManifest.xml:27:13-29:85
153                android:name="com.google.firebase.components:com.google.firebase.datatransport.TransportRegistrar"
153-->[com.google.firebase:firebase-datatransport:18.1.7] AndroidManifest.xml:28:17-115
154                android:value="com.google.firebase.components.ComponentRegistrar" />
154-->[com.google.firebase:firebase-datatransport:18.1.7] AndroidManifest.xml:29:17-82
155            <meta-data
155-->[com.google.firebase:firebase-auth:22.0.0] AndroidManifest.xml:69:13-71:85
156                android:name="com.google.firebase.components:com.google.firebase.auth.FirebaseAuthRegistrar"
156-->[com.google.firebase:firebase-auth:22.0.0] AndroidManifest.xml:70:17-109
157                android:value="com.google.firebase.components.ComponentRegistrar" />
157-->[com.google.firebase:firebase-auth:22.0.0] AndroidManifest.xml:71:17-82
158            <meta-data
158-->[com.google.firebase:firebase-common-ktx:20.3.2] AndroidManifest.xml:14:13-16:85
159                android:name="com.google.firebase.components:com.google.firebase.ktx.FirebaseCommonKtxRegistrar"
159-->[com.google.firebase:firebase-common-ktx:20.3.2] AndroidManifest.xml:15:17-113
160                android:value="com.google.firebase.components.ComponentRegistrar" />
160-->[com.google.firebase:firebase-common-ktx:20.3.2] AndroidManifest.xml:16:17-82
161            <meta-data
161-->[com.google.android.gms:play-services-measurement-api:21.3.0] AndroidManifest.xml:31:13-33:85
162                android:name="com.google.firebase.components:com.google.firebase.analytics.connector.internal.AnalyticsConnectorRegistrar"
162-->[com.google.android.gms:play-services-measurement-api:21.3.0] AndroidManifest.xml:32:17-139
163                android:value="com.google.firebase.components.ComponentRegistrar" />
163-->[com.google.android.gms:play-services-measurement-api:21.3.0] AndroidManifest.xml:33:17-82
164            <meta-data
164-->[com.google.firebase:firebase-installations:17.1.3] AndroidManifest.xml:17:13-19:85
165                android:name="com.google.firebase.components:com.google.firebase.installations.FirebaseInstallationsRegistrar"
165-->[com.google.firebase:firebase-installations:17.1.3] AndroidManifest.xml:18:17-127
166                android:value="com.google.firebase.components.ComponentRegistrar" />
166-->[com.google.firebase:firebase-installations:17.1.3] AndroidManifest.xml:19:17-82
167        </service>
168
169        <provider
169-->[:react-native-firebase_app] AndroidManifest.xml:25:9-29:38
170            android:name="io.invertase.firebase.app.ReactNativeFirebaseAppInitProvider"
170-->[:react-native-firebase_app] AndroidManifest.xml:26:13-88
171            android:authorities="com.authentication.reactnativefirebaseappinitprovider"
171-->[:react-native-firebase_app] AndroidManifest.xml:27:13-86
172            android:exported="false"
172-->[:react-native-firebase_app] AndroidManifest.xml:28:13-37
173            android:initOrder="99" />
173-->[:react-native-firebase_app] AndroidManifest.xml:29:13-35
174        <provider
174-->[:react-native-image-crop-picker] AndroidManifest.xml:18:9-26:20
175            android:name="com.reactnative.ivpusic.imagepicker.IvpusicImagePickerFileProvider"
175-->[:react-native-image-crop-picker] AndroidManifest.xml:19:13-94
176            android:authorities="com.authentication.provider"
176-->[:react-native-image-crop-picker] AndroidManifest.xml:20:13-60
177            android:exported="false"
177-->[:react-native-image-crop-picker] AndroidManifest.xml:21:13-37
178            android:grantUriPermissions="true" >
178-->[:react-native-image-crop-picker] AndroidManifest.xml:22:13-47
179            <meta-data
179-->[:react-native-image-crop-picker] AndroidManifest.xml:23:13-25:78
180                android:name="android.support.FILE_PROVIDER_PATHS"
180-->[:react-native-image-crop-picker] AndroidManifest.xml:24:17-67
181                android:resource="@xml/ivpusic_imagepicker_provider_paths" />
181-->[:react-native-image-crop-picker] AndroidManifest.xml:25:17-75
182        </provider>
183
184        <activity
184-->[:react-native-image-crop-picker] AndroidManifest.xml:28:9-30:72
185            android:name="com.yalantis.ucrop.UCropActivity"
185-->[:react-native-image-crop-picker] AndroidManifest.xml:29:13-60
186            android:theme="@style/Theme.AppCompat.Light.NoActionBar" />
186-->[:react-native-image-crop-picker] AndroidManifest.xml:30:13-69
187
188        <provider
188-->[:react-native-share] AndroidManifest.xml:10:9-18:20
189            android:name="cl.json.RNShareFileProvider"
189-->[:react-native-share] AndroidManifest.xml:11:13-55
190            android:authorities="com.authentication.rnshare.fileprovider"
190-->[:react-native-share] AndroidManifest.xml:12:13-72
191            android:exported="false"
191-->[:react-native-share] AndroidManifest.xml:13:13-37
192            android:grantUriPermissions="true" >
192-->[:react-native-share] AndroidManifest.xml:14:13-47
193            <meta-data
193-->[:react-native-image-crop-picker] AndroidManifest.xml:23:13-25:78
194                android:name="android.support.FILE_PROVIDER_PATHS"
194-->[:react-native-image-crop-picker] AndroidManifest.xml:24:17-67
195                android:resource="@xml/share_download_paths" />
195-->[:react-native-image-crop-picker] AndroidManifest.xml:25:17-75
196        </provider>
197
198        <receiver
198-->[com.google.firebase:firebase-messaging:23.1.2] AndroidManifest.xml:31:9-38:20
199            android:name="com.google.firebase.iid.FirebaseInstanceIdReceiver"
199-->[com.google.firebase:firebase-messaging:23.1.2] AndroidManifest.xml:32:13-78
200            android:exported="true"
200-->[com.google.firebase:firebase-messaging:23.1.2] AndroidManifest.xml:33:13-36
201            android:permission="com.google.android.c2dm.permission.SEND" >
201-->[com.google.firebase:firebase-messaging:23.1.2] AndroidManifest.xml:34:13-73
202            <intent-filter>
202-->[:react-native-firebase_messaging] AndroidManifest.xml:29:13-31:29
203                <action android:name="com.google.android.c2dm.intent.RECEIVE" />
203-->[:react-native-firebase_messaging] AndroidManifest.xml:30:17-81
203-->[:react-native-firebase_messaging] AndroidManifest.xml:30:25-78
204            </intent-filter>
205        </receiver>
206        <!--
207             FirebaseMessagingService performs security checks at runtime,
208             but set to not exported to explicitly avoid allowing another app to call it.
209        -->
210        <service
210-->[com.google.firebase:firebase-messaging:23.1.2] AndroidManifest.xml:44:9-51:19
211            android:name="com.google.firebase.messaging.FirebaseMessagingService"
211-->[com.google.firebase:firebase-messaging:23.1.2] AndroidManifest.xml:45:13-82
212            android:directBootAware="true"
212-->[com.google.firebase:firebase-messaging:23.1.2] AndroidManifest.xml:46:13-43
213            android:exported="false" >
213-->[com.google.firebase:firebase-messaging:23.1.2] AndroidManifest.xml:47:13-37
214            <intent-filter android:priority="-500" >
214-->[:react-native-firebase_messaging] AndroidManifest.xml:20:13-22:29
215                <action android:name="com.google.firebase.MESSAGING_EVENT" />
215-->[:react-native-firebase_messaging] AndroidManifest.xml:21:17-78
215-->[:react-native-firebase_messaging] AndroidManifest.xml:21:25-75
216            </intent-filter>
217        </service>
218        <service
218-->[com.google.android.datatransport:transport-backend-cct:3.1.8] AndroidManifest.xml:28:9-34:19
219            android:name="com.google.android.datatransport.runtime.backends.TransportBackendDiscovery"
219-->[com.google.android.datatransport:transport-backend-cct:3.1.8] AndroidManifest.xml:29:13-103
220            android:exported="false" >
220-->[com.google.android.datatransport:transport-backend-cct:3.1.8] AndroidManifest.xml:30:13-37
221            <meta-data
221-->[com.google.android.datatransport:transport-backend-cct:3.1.8] AndroidManifest.xml:31:13-33:39
222                android:name="backend:com.google.android.datatransport.cct.CctBackendFactory"
222-->[com.google.android.datatransport:transport-backend-cct:3.1.8] AndroidManifest.xml:32:17-94
223                android:value="cct" />
223-->[com.google.android.datatransport:transport-backend-cct:3.1.8] AndroidManifest.xml:33:17-36
224        </service>
225        <service
225-->[com.google.android.datatransport:transport-runtime:3.1.8] AndroidManifest.xml:26:9-30:19
226            android:name="com.google.android.datatransport.runtime.scheduling.jobscheduling.JobInfoSchedulerService"
226-->[com.google.android.datatransport:transport-runtime:3.1.8] AndroidManifest.xml:27:13-117
227            android:exported="false"
227-->[com.google.android.datatransport:transport-runtime:3.1.8] AndroidManifest.xml:28:13-37
228            android:permission="android.permission.BIND_JOB_SERVICE" >
228-->[com.google.android.datatransport:transport-runtime:3.1.8] AndroidManifest.xml:29:13-69
229        </service>
230
231        <receiver
231-->[com.google.android.datatransport:transport-runtime:3.1.8] AndroidManifest.xml:32:9-34:40
232            android:name="com.google.android.datatransport.runtime.scheduling.jobscheduling.AlarmManagerSchedulerBroadcastReceiver"
232-->[com.google.android.datatransport:transport-runtime:3.1.8] AndroidManifest.xml:33:13-132
233            android:exported="false" />
233-->[com.google.android.datatransport:transport-runtime:3.1.8] AndroidManifest.xml:34:13-37
234
235        <activity
235-->[com.google.firebase:firebase-auth:22.0.0] AndroidManifest.xml:29:9-46:20
236            android:name="com.google.firebase.auth.internal.GenericIdpActivity"
236-->[com.google.firebase:firebase-auth:22.0.0] AndroidManifest.xml:30:13-80
237            android:excludeFromRecents="true"
237-->[com.google.firebase:firebase-auth:22.0.0] AndroidManifest.xml:31:13-46
238            android:exported="true"
238-->[com.google.firebase:firebase-auth:22.0.0] AndroidManifest.xml:32:13-36
239            android:launchMode="singleTask"
239-->[com.google.firebase:firebase-auth:22.0.0] AndroidManifest.xml:33:13-44
240            android:theme="@android:style/Theme.Translucent.NoTitleBar" >
240-->[com.google.firebase:firebase-auth:22.0.0] AndroidManifest.xml:34:13-72
241            <intent-filter>
241-->[com.google.firebase:firebase-auth:22.0.0] AndroidManifest.xml:35:13-45:29
242                <action android:name="android.intent.action.VIEW" />
242-->[com.google.firebase:firebase-auth:22.0.0] AndroidManifest.xml:36:17-69
242-->[com.google.firebase:firebase-auth:22.0.0] AndroidManifest.xml:36:25-66
243
244                <category android:name="android.intent.category.DEFAULT" />
244-->[com.google.firebase:firebase-auth:22.0.0] AndroidManifest.xml:38:17-76
244-->[com.google.firebase:firebase-auth:22.0.0] AndroidManifest.xml:38:27-73
245                <category android:name="android.intent.category.BROWSABLE" />
245-->[com.google.firebase:firebase-auth:22.0.0] AndroidManifest.xml:39:17-78
245-->[com.google.firebase:firebase-auth:22.0.0] AndroidManifest.xml:39:27-75
246
247                <data
247-->[com.google.firebase:firebase-auth:22.0.0] AndroidManifest.xml:41:17-44:51
248                    android:host="firebase.auth"
248-->[com.google.firebase:firebase-auth:22.0.0] AndroidManifest.xml:42:21-49
249                    android:path="/"
249-->[com.google.firebase:firebase-auth:22.0.0] AndroidManifest.xml:43:21-37
250                    android:scheme="genericidp" />
250-->[com.google.firebase:firebase-auth:22.0.0] AndroidManifest.xml:44:21-48
251            </intent-filter>
252        </activity>
253        <activity